<?xml version="1.0" encoding="UTF-8"?>
<!-- Generated by org.testng.reporters.JUnitReportReporter -->
<testsuite skipped="0" hostname="SHAKANT03" name="com.att.test.CkavPageValidations" tests="1" failures="0" timestamp="2020-06-04T23:04:48 IST" time="109.436" errors="0">
  <testcase name="CkavPageContinue" time="109.436" classname="com.att.test.CkavPageValidations"/>
  <system-out/>
</testsuite> <!-- com.att.test.CkavPageValidations -->
