<?xml version="1.0" encoding="UTF-8"?>
<!-- Generated by org.testng.reporters.JUnitReportReporter -->
<testsuite skipped="0" hostname="SHAKANT03" name="com.crm.qa.test.LaunchTest" tests="1" failures="0" timestamp="2020-05-29T17:31:57 IST" time="12.815" errors="0">
  <testcase name="launchBrowser" time="12.815" classname="com.crm.qa.test.LaunchTest"/>
  <system-out/>
</testsuite> <!-- com.crm.qa.test.LaunchTest -->
